--------------- Build Started: 11/02/2017 10:09:48 Project: StaticSegLCD_Example01, Configuration: ARM GCC 5.4-2016-q2-update Debug ---------------
cydsfit.exe -.appdatapath "C:\Users\TOSHIBA\AppData\Local\Cypress Semiconductor\PSoC Creator\4.1" -.fdsnotice -.fdswarpdepfile=warp_dependencies.txt -.fdselabdepfile=elab_dependencies.txt -.fdsbldfile=generated_files.txt -.fdsreffile=referenced_files.txt -p C:\Users\TOSHIBA\Documents\GitHub\Ball-Plate\PrimerAvance\StaticSegLCD_Example01.cydsn\StaticSegLCD_Example01.cyprj -d CY8C5868AXI-LP035 -s C:\Users\TOSHIBA\Documents\GitHub\Ball-Plate\PrimerAvance\StaticSegLCD_Example01.cydsn\Generated_Source\PSoC5 -- -yv2 -q10 -ygs -o2 -v3 -.fftcfgtype=LE
Elaborating Design...
HDL Generation...
Synthesis...
Tech Mapping...
Analog Placement...
Analog Routing...
Analog Code Generation...
Digital Placement...
Digital Routing...
Bitstream Generation...
Bitstream Verification...
Static timing analysis...
API Generation...
Dependency Generation...
Cleanup...
arm-none-eabi-gcc.exe -mcpu=cortex-m3 -mthumb -I. -IGenerated_Source\PSoC5 -Wa,-alh=.\ARM_GCC_541\Debug/main.lst -g -ffunction-sections -ffat-lto-objects -O0 -c main.c -o .\ARM_GCC_541\Debug\main.o
arm-none-eabi-gcc.exe -mcpu=cortex-m3 -mthumb -I. -IGenerated_Source\PSoC5 -Wa,-alh=.\ARM_GCC_541\Debug/cyfitter_cfg.lst -g -ffunction-sections -ffat-lto-objects -O0 -c Generated_Source\PSoC5\cyfitter_cfg.c -o .\ARM_GCC_541\Debug\cyfitter_cfg.o
arm-none-eabi-gcc.exe -mcpu=cortex-m3 -mthumb -I. -IGenerated_Source\PSoC5 -Wa,-alh=.\ARM_GCC_541\Debug/cymetadata.lst -g -ffunction-sections -ffat-lto-objects -O0 -c Generated_Source\PSoC5\cymetadata.c -o .\ARM_GCC_541\Debug\cymetadata.o
arm-none-eabi-gcc.exe -mcpu=cortex-m3 -mthumb -I. -IGenerated_Source\PSoC5 -Wa,-alh=.\ARM_GCC_541\Debug/LCD_SegStat.lst -g -ffunction-sections -ffat-lto-objects -O0 -c Generated_Source\PSoC5\LCD_SegStat.c -o .\ARM_GCC_541\Debug\LCD_SegStat.o
arm-none-eabi-gcc.exe -mcpu=cortex-m3 -mthumb -I. -IGenerated_Source\PSoC5 -Wa,-alh=.\ARM_GCC_541\Debug/LCD_SegStat_INT.lst -g -ffunction-sections -ffat-lto-objects -O0 -c Generated_Source\PSoC5\LCD_SegStat_INT.c -o .\ARM_GCC_541\Debug\LCD_SegStat_INT.o
arm-none-eabi-gcc.exe -mcpu=cortex-m3 -mthumb -I. -IGenerated_Source\PSoC5 -Wa,-alh=.\ARM_GCC_541\Debug/LCD_SegStat_Pins.lst -g -ffunction-sections -ffat-lto-objects -O0 -c Generated_Source\PSoC5\LCD_SegStat_Pins.c -o .\ARM_GCC_541\Debug\LCD_SegStat_Pins.o
arm-none-eabi-gcc.exe -mcpu=cortex-m3 -mthumb -I. -IGenerated_Source\PSoC5 -Wa,-alh=.\ARM_GCC_541\Debug/LCD_SegStat_PM.lst -g -ffunction-sections -ffat-lto-objects -O0 -c Generated_Source\PSoC5\LCD_SegStat_PM.c -o .\ARM_GCC_541\Debug\LCD_SegStat_PM.o
arm-none-eabi-gcc.exe -mcpu=cortex-m3 -mthumb -I. -IGenerated_Source\PSoC5 -Wa,-alh=.\ARM_GCC_541\Debug/WakeUpIsr.lst -g -ffunction-sections -ffat-lto-objects -O0 -c Generated_Source\PSoC5\WakeUpIsr.c -o .\ARM_GCC_541\Debug\WakeUpIsr.o
arm-none-eabi-gcc.exe -mcpu=cortex-m3 -mthumb -I. -IGenerated_Source\PSoC5 -Wa,-alh=.\ARM_GCC_541\Debug/Pin_wakeup.lst -g -ffunction-sections -ffat-lto-objects -O0 -c Generated_Source\PSoC5\Pin_wakeup.c -o .\ARM_GCC_541\Debug\Pin_wakeup.o
arm-none-eabi-gcc.exe -mcpu=cortex-m3 -mthumb -I. -IGenerated_Source\PSoC5 -Wa,-alh=.\ARM_GCC_541\Debug/LCD_Char.lst -g -ffunction-sections -ffat-lto-objects -O0 -c Generated_Source\PSoC5\LCD_Char.c -o .\ARM_GCC_541\Debug\LCD_Char.o
arm-none-eabi-gcc.exe -mcpu=cortex-m3 -mthumb -I. -IGenerated_Source\PSoC5 -Wa,-alh=.\ARM_GCC_541\Debug/LCD_Char_PM.lst -g -ffunction-sections -ffat-lto-objects -O0 -c Generated_Source\PSoC5\LCD_Char_PM.c -o .\ARM_GCC_541\Debug\LCD_Char_PM.o
arm-none-eabi-gcc.exe -mcpu=cortex-m3 -mthumb -I. -IGenerated_Source\PSoC5 -Wa,-alh=.\ARM_GCC_541\Debug/LCD_SegStat_InClock.lst -g -ffunction-sections -ffat-lto-objects -O0 -c Generated_Source\PSoC5\LCD_SegStat_InClock.c -o .\ARM_GCC_541\Debug\LCD_SegStat_InClock.o
arm-none-eabi-gcc.exe -mcpu=cortex-m3 -mthumb -I. -IGenerated_Source\PSoC5 -Wa,-alh=.\ARM_GCC_541\Debug/LCD_SegStat_LCD_ISR.lst -g -ffunction-sections -ffat-lto-objects -O0 -c Generated_Source\PSoC5\LCD_SegStat_LCD_ISR.c -o .\ARM_GCC_541\Debug\LCD_SegStat_LCD_ISR.o
arm-none-eabi-gcc.exe -mcpu=cortex-m3 -mthumb -I. -IGenerated_Source\PSoC5 -Wa,-alh=.\ARM_GCC_541\Debug/LCD_SegStat_Lcd_Dma_dma.lst -g -ffunction-sections -ffat-lto-objects -O0 -c Generated_Source\PSoC5\LCD_SegStat_Lcd_Dma_dma.c -o .\ARM_GCC_541\Debug\LCD_SegStat_Lcd_Dma_dma.o
arm-none-eabi-gcc.exe -mcpu=cortex-m3 -mthumb -I. -IGenerated_Source\PSoC5 -Wa,-alh=.\ARM_GCC_541\Debug/LCD_Char_LCDPort.lst -g -ffunction-sections -ffat-lto-objects -O0 -c Generated_Source\PSoC5\LCD_Char_LCDPort.c -o .\ARM_GCC_541\Debug\LCD_Char_LCDPort.o
arm-none-eabi-gcc.exe -mcpu=cortex-m3 -mthumb -I. -IGenerated_Source\PSoC5 -Wa,-alh=.\ARM_GCC_541\Debug/Cm3Start.lst -g -ffunction-sections -ffat-lto-objects -O0 -c Generated_Source\PSoC5\Cm3Start.c -o .\ARM_GCC_541\Debug\Cm3Start.o
arm-none-eabi-gcc.exe -mcpu=cortex-m3 -mthumb -I. -IGenerated_Source\PSoC5 -Wa,-alh=.\ARM_GCC_541\Debug/CyDmac.lst -g -ffunction-sections -ffat-lto-objects -O0 -c Generated_Source\PSoC5\CyDmac.c -o .\ARM_GCC_541\Debug\CyDmac.o
arm-none-eabi-gcc.exe -mcpu=cortex-m3 -mthumb -I. -IGenerated_Source\PSoC5 -Wa,-alh=.\ARM_GCC_541\Debug/CyFlash.lst -g -ffunction-sections -ffat-lto-objects -O0 -c Generated_Source\PSoC5\CyFlash.c -o .\ARM_GCC_541\Debug\CyFlash.o
arm-none-eabi-gcc.exe -mcpu=cortex-m3 -mthumb -I. -IGenerated_Source\PSoC5 -Wa,-alh=.\ARM_GCC_541\Debug/CyLib.lst -g -ffunction-sections -ffat-lto-objects -O0 -c Generated_Source\PSoC5\CyLib.c -o .\ARM_GCC_541\Debug\CyLib.o
arm-none-eabi-gcc.exe -mcpu=cortex-m3 -mthumb -I. -IGenerated_Source\PSoC5 -Wa,-alh=.\ARM_GCC_541\Debug/cyPm.lst -g -ffunction-sections -ffat-lto-objects -O0 -c Generated_Source\PSoC5\cyPm.c -o .\ARM_GCC_541\Debug\cyPm.o
arm-none-eabi-gcc.exe -mcpu=cortex-m3 -mthumb -I. -IGenerated_Source\PSoC5 -Wa,-alh=.\ARM_GCC_541\Debug/CySpc.lst -g -ffunction-sections -ffat-lto-objects -O0 -c Generated_Source\PSoC5\CySpc.c -o .\ARM_GCC_541\Debug\CySpc.o
arm-none-eabi-gcc.exe -mcpu=cortex-m3 -mthumb -I. -IGenerated_Source\PSoC5 -Wa,-alh=.\ARM_GCC_541\Debug/cyutils.lst -g -ffunction-sections -ffat-lto-objects -O0 -c Generated_Source\PSoC5\cyutils.c -o .\ARM_GCC_541\Debug\cyutils.o
arm-none-eabi-as.exe -mcpu=cortex-m3 -mthumb -I. -IGenerated_Source\PSoC5 -alh=.\ARM_GCC_541\Debug/CyBootAsmGnu.lst -g -o .\ARM_GCC_541\Debug\CyBootAsmGnu.o Generated_Source\PSoC5\CyBootAsmGnu.s
arm-none-eabi-ar.exe -rs .\ARM_GCC_541\Debug\StaticSegLCD_Example01.a .\ARM_GCC_541\Debug\LCD_SegStat.o .\ARM_GCC_541\Debug\LCD_SegStat_INT.o .\ARM_GCC_541\Debug\LCD_SegStat_Pins.o .\ARM_GCC_541\Debug\LCD_SegStat_PM.o .\ARM_GCC_541\Debug\WakeUpIsr.o .\ARM_GCC_541\Debug\Pin_wakeup.o .\ARM_GCC_541\Debug\LCD_Char.o .\ARM_GCC_541\Debug\LCD_Char_PM.o .\ARM_GCC_541\Debug\LCD_SegStat_InClock.o .\ARM_GCC_541\Debug\LCD_SegStat_LCD_ISR.o .\ARM_GCC_541\Debug\LCD_SegStat_Lcd_Dma_dma.o .\ARM_GCC_541\Debug\LCD_Char_LCDPort.o .\ARM_GCC_541\Debug\CyDmac.o .\ARM_GCC_541\Debug\CyFlash.o .\ARM_GCC_541\Debug\CyLib.o .\ARM_GCC_541\Debug\cyPm.o .\ARM_GCC_541\Debug\CySpc.o .\ARM_GCC_541\Debug\cyutils.o .\ARM_GCC_541\Debug\CyBootAsmGnu.o
arm-none-eabi-ar.exe: creating .\ARM_GCC_541\Debug\StaticSegLCD_Example01.a
arm-none-eabi-gcc.exe -Wl,--start-group -o C:\Users\TOSHIBA\Documents\GitHub\Ball-Plate\PrimerAvance\StaticSegLCD_Example01.cydsn\ARM_GCC_541\Debug\StaticSegLCD_Example01.elf .\ARM_GCC_541\Debug\main.o .\ARM_GCC_541\Debug\cyfitter_cfg.o .\ARM_GCC_541\Debug\cymetadata.o .\ARM_GCC_541\Debug\Cm3Start.o .\ARM_GCC_541\Debug\StaticSegLCD_Example01.a "C:\Program Files (x86)\Cypress\PSoC Creator\4.1\PSoC Creator\psoc\content\cycomponentlibrary\CyComponentLibrary.cylib\CortexM3\ARM_GCC_541\Debug\CyComponentLibrary.a" -mcpu=cortex-m3 -mthumb -L Generated_Source\PSoC5 -Wl,-Map,.\ARM_GCC_541\Debug/StaticSegLCD_Example01.map -T Generated_Source\PSoC5\cm3gcc.ld -specs=nano.specs -Wl,--gc-sections -g -ffunction-sections -O0 -ffat-lto-objects -Wl,--end-group
cyelftool.exe -C C:\Users\TOSHIBA\Documents\GitHub\Ball-Plate\PrimerAvance\StaticSegLCD_Example01.cydsn\ARM_GCC_541\Debug\StaticSegLCD_Example01.elf --flash_row_size 256 --flash_size 262144 --flash_offset 0x00000000
cyelftool.exe -S C:\Users\TOSHIBA\Documents\GitHub\Ball-Plate\PrimerAvance\StaticSegLCD_Example01.cydsn\ARM_GCC_541\Debug\StaticSegLCD_Example01.elf
Flash used: 9390 of 262144 bytes (3.6%).
SRAM used: 2653 of 65536 bytes (4.0%). Stack: 2048 bytes. Heap: 128 bytes.
--------------- Build Succeeded: 11/02/2017 10:13:35 ---------------
