ARM GAS  C:\Users\TOSHIBA\AppData\Local\Temp\ccrZORgu.s 			page 1


   1              		.syntax unified
   2              		.cpu cortex-m3
   3              		.fpu softvfp
   4              		.eabi_attribute 20, 1
   5              		.eabi_attribute 21, 1
   6              		.eabi_attribute 23, 3
   7              		.eabi_attribute 24, 1
   8              		.eabi_attribute 25, 1
   9              		.eabi_attribute 26, 1
  10              		.eabi_attribute 30, 6
  11              		.eabi_attribute 34, 1
  12              		.eabi_attribute 18, 4
  13              		.thumb
  14              		.syntax unified
  15              		.file	"cymetadata.c"
  16              		.text
  17              	.Ltext0:
  18              		.cfi_sections	.debug_frame
  19              		.global	cy_meta_configecc
  20              		.section	.cyconfigecc,"a",%progbits
  21              		.align	2
  22              		.type	cy_meta_configecc, %object
  23              		.size	cy_meta_configecc, 156
  24              	cy_meta_configecc:
  25 0000 01       		.byte	1
  26 0001 45       		.byte	69
  27 0002 00       		.byte	0
  28 0003 40       		.byte	64
  29 0004 01       		.byte	1
  30 0005 52       		.byte	82
  31 0006 00       		.byte	0
  32 0007 40       		.byte	64
  33 0008 02       		.byte	2
  34 0009 40       		.byte	64
  35 000a 01       		.byte	1
  36 000b 40       		.byte	64
  37 000c 01       		.byte	1
  38 000d 41       		.byte	65
  39 000e 01       		.byte	1
  40 000f 40       		.byte	64
  41 0010 01       		.byte	1
  42 0011 42       		.byte	66
  43 0012 01       		.byte	1
  44 0013 40       		.byte	64
  45 0014 01       		.byte	1
  46 0015 43       		.byte	67
  47 0016 01       		.byte	1
  48 0017 40       		.byte	64
  49 0018 03       		.byte	3
  50 0019 48       		.byte	72
  51 001a 01       		.byte	1
  52 001b 40       		.byte	64
  53 001c 02       		.byte	2
  54 001d 51       		.byte	81
  55 001e 01       		.byte	1
  56 001f 40       		.byte	64
  57 0020 0C       		.byte	12
ARM GAS  C:\Users\TOSHIBA\AppData\Local\Temp\ccrZORgu.s 			page 2


  58 0021 02       		.byte	2
  59 0022 0C       		.byte	12
  60 0023 10       		.byte	16
  61 0024 3D       		.byte	61
  62 0025 80       		.byte	-128
  63 0026 CE       		.byte	-50
  64 0027 20       		.byte	32
  65 0028 A5       		.byte	-91
  66 0029 40       		.byte	64
  67 002a A5       		.byte	-91
  68 002b 40       		.byte	64
  69 002c A5       		.byte	-91
  70 002d 40       		.byte	64
  71 002e 25       		.byte	37
  72 002f 40       		.byte	64
  73 0030 A5       		.byte	-91
  74 0031 40       		.byte	64
  75 0032 C8       		.byte	-56
  76 0033 20       		.byte	32
  77 0034 00       		.byte	0
  78 0035 01       		.byte	1
  79 0036 10       		.byte	16
  80 0037 02       		.byte	2
  81 0038 00       		.byte	0
  82 0039 10       		.byte	16
  83 003a 10       		.byte	16
  84 003b 00       		.byte	0
  85 003c 00       		.byte	0
  86 003d 00       		.byte	0
  87 003e 00       		.byte	0
  88 003f 00       		.byte	0
  89 0040 10       		.byte	16
  90 0041 00       		.byte	0
  91 0042 00       		.byte	0
  92 0043 00       		.byte	0
  93 0044 00       		.byte	0
  94 0045 00       		.byte	0
  95 0046 00       		.byte	0
  96 0047 00       		.byte	0
  97 0048 10       		.byte	16
  98 0049 00       		.byte	0
  99 004a 00       		.byte	0
 100 004b 10       		.byte	16
 101 004c 00       		.byte	0
 102 004d 00       		.byte	0
 103 004e 00       		.byte	0
 104 004f 00       		.byte	0
 105 0050 00       		.byte	0
 106 0051 00       		.byte	0
 107 0052 00       		.byte	0
 108 0053 00       		.byte	0
 109 0054 00       		.byte	0
 110 0055 7F       		.byte	127
 111 0056 7F       		.byte	127
 112 0057 00       		.byte	0
 113 0058 00       		.byte	0
 114 0059 00       		.byte	0
ARM GAS  C:\Users\TOSHIBA\AppData\Local\Temp\ccrZORgu.s 			page 3


 115 005a 00       		.byte	0
 116 005b 00       		.byte	0
 117 005c 00       		.byte	0
 118 005d FF       		.byte	-1
 119 005e FF       		.byte	-1
 120 005f 00       		.byte	0
 121 0060 00       		.byte	0
 122 0061 00       		.byte	0
 123 0062 00       		.byte	0
 124 0063 00       		.byte	0
 125 0064 FF       		.byte	-1
 126 0065 00       		.byte	0
 127 0066 00       		.byte	0
 128 0067 00       		.byte	0
 129 0068 00       		.byte	0
 130 0069 00       		.byte	0
 131 006a 00       		.byte	0
 132 006b 00       		.byte	0
 133 006c 00       		.byte	0
 134 006d FF       		.byte	-1
 135 006e FF       		.byte	-1
 136 006f 00       		.byte	0
 137 0070 00       		.byte	0
 138 0071 00       		.byte	0
 139 0072 00       		.byte	0
 140 0073 00       		.byte	0
 141 0074 FF       		.byte	-1
 142 0075 00       		.byte	0
 143 0076 00       		.byte	0
 144 0077 00       		.byte	0
 145 0078 00       		.byte	0
 146 0079 00       		.byte	0
 147 007a 00       		.byte	0
 148 007b 00       		.byte	0
 149 007c 00       		.byte	0
 150 007d FF       		.byte	-1
 151 007e FF       		.byte	-1
 152 007f 00       		.byte	0
 153 0080 00       		.byte	0
 154 0081 00       		.byte	0
 155 0082 00       		.byte	0
 156 0083 00       		.byte	0
 157 0084 FF       		.byte	-1
 158 0085 00       		.byte	0
 159 0086 00       		.byte	0
 160 0087 00       		.byte	0
 161 0088 00       		.byte	0
 162 0089 00       		.byte	0
 163 008a 00       		.byte	0
 164 008b 00       		.byte	0
 165 008c 00       		.byte	0
 166 008d FF       		.byte	-1
 167 008e FF       		.byte	-1
 168 008f 00       		.byte	0
 169 0090 00       		.byte	0
 170 0091 00       		.byte	0
 171 0092 00       		.byte	0
ARM GAS  C:\Users\TOSHIBA\AppData\Local\Temp\ccrZORgu.s 			page 4


 172 0093 00       		.byte	0
 173 0094 FF       		.byte	-1
 174 0095 00       		.byte	0
 175 0096 00       		.byte	0
 176 0097 00       		.byte	0
 177 0098 00       		.byte	0
 178 0099 00       		.byte	0
 179 009a 00       		.byte	0
 180 009b 00       		.byte	0
 181              		.global	cy_meta_custnvl
 182              		.section	.cycustnvl,"a",%progbits
 183              		.align	2
 184              		.type	cy_meta_custnvl, %object
 185              		.size	cy_meta_custnvl, 4
 186              	cy_meta_custnvl:
 187 0000 00       		.byte	0
 188 0001 00       		.byte	0
 189 0002 00       		.byte	0
 190 0003 07       		.byte	7
 191              		.global	cy_meta_wonvl
 192              		.section	.cywolatch,"a",%progbits
 193              		.align	2
 194              		.type	cy_meta_wonvl, %object
 195              		.size	cy_meta_wonvl, 4
 196              	cy_meta_wonvl:
 197 0000 BC       		.byte	-68
 198 0001 90       		.byte	-112
 199 0002 AC       		.byte	-84
 200 0003 AF       		.byte	-81
 201              		.global	cy_meta_flashprotect
 202              		.section	.cyflashprotect,"a",%progbits
 203              		.align	2
 204              		.type	cy_meta_flashprotect, %object
 205              		.size	cy_meta_flashprotect, 256
 206              	cy_meta_flashprotect:
 207 0000 00000000 		.space	256
 207      00000000 
 207      00000000 
 207      00000000 
 207      00000000 
 208              		.global	cy_metadata
 209              		.section	.cymeta,"a",%progbits
 210              		.align	2
 211              		.type	cy_metadata, %object
 212              		.size	cy_metadata, 12
 213              	cy_metadata:
 214 0000 00       		.byte	0
 215 0001 01       		.byte	1
 216 0002 2E       		.byte	46
 217 0003 12       		.byte	18
 218 0004 30       		.byte	48
 219 0005 69       		.byte	105
 220 0006 00       		.byte	0
 221 0007 00       		.byte	0
 222 0008 00       		.byte	0
 223 0009 00       		.byte	0
 224 000a 00       		.byte	0
ARM GAS  C:\Users\TOSHIBA\AppData\Local\Temp\ccrZORgu.s 			page 5


 225 000b 00       		.byte	0
 226              		.text
 227              	.Letext0:
 228              		.file 1 "c:\\program files (x86)\\cypress\\psoc creator\\4.1\\psoc creator\\import\\gnu\\arm\\5.4.
 229              		.file 2 "c:\\program files (x86)\\cypress\\psoc creator\\4.1\\psoc creator\\import\\gnu\\arm\\5.4.
 230              		.file 3 "Generated_Source\\PSoC5\\cymetadata.c"
 231              		.section	.debug_info,"",%progbits
 232              	.Ldebug_info0:
 233 0000 30010000 		.4byte	0x130
 234 0004 0400     		.2byte	0x4
 235 0006 00000000 		.4byte	.Ldebug_abbrev0
 236 000a 04       		.byte	0x4
 237 000b 01       		.uleb128 0x1
 238 000c 0A000000 		.4byte	.LASF17
 239 0010 0C       		.byte	0xc
 240 0011 D0010000 		.4byte	.LASF18
 241 0015 98000000 		.4byte	.LASF19
 242 0019 00000000 		.4byte	.Ldebug_line0
 243 001d 02       		.uleb128 0x2
 244 001e 01       		.byte	0x1
 245 001f 06       		.byte	0x6
 246 0020 C4010000 		.4byte	.LASF0
 247 0024 03       		.uleb128 0x3
 248 0025 00000000 		.4byte	.LASF9
 249 0029 01       		.byte	0x1
 250 002a 1D       		.byte	0x1d
 251 002b 2F000000 		.4byte	0x2f
 252 002f 02       		.uleb128 0x2
 253 0030 01       		.byte	0x1
 254 0031 08       		.byte	0x8
 255 0032 F6000000 		.4byte	.LASF1
 256 0036 02       		.uleb128 0x2
 257 0037 02       		.byte	0x2
 258 0038 05       		.byte	0x5
 259 0039 B1010000 		.4byte	.LASF2
 260 003d 02       		.uleb128 0x2
 261 003e 02       		.byte	0x2
 262 003f 07       		.byte	0x7
 263 0040 16010000 		.4byte	.LASF3
 264 0044 02       		.uleb128 0x2
 265 0045 04       		.byte	0x4
 266 0046 05       		.byte	0x5
 267 0047 BB010000 		.4byte	.LASF4
 268 004b 02       		.uleb128 0x2
 269 004c 04       		.byte	0x4
 270 004d 07       		.byte	0x7
 271 004e 04010000 		.4byte	.LASF5
 272 0052 02       		.uleb128 0x2
 273 0053 08       		.byte	0x8
 274 0054 05       		.byte	0x5
 275 0055 A3010000 		.4byte	.LASF6
 276 0059 02       		.uleb128 0x2
 277 005a 08       		.byte	0x8
 278 005b 07       		.byte	0x7
 279 005c 58010000 		.4byte	.LASF7
 280 0060 04       		.uleb128 0x4
 281 0061 04       		.byte	0x4
ARM GAS  C:\Users\TOSHIBA\AppData\Local\Temp\ccrZORgu.s 			page 6


 282 0062 05       		.byte	0x5
 283 0063 696E7400 		.ascii	"int\000"
 284 0067 02       		.uleb128 0x2
 285 0068 04       		.byte	0x4
 286 0069 07       		.byte	0x7
 287 006a 4B010000 		.4byte	.LASF8
 288 006e 03       		.uleb128 0x3
 289 006f 6F010000 		.4byte	.LASF10
 290 0073 02       		.byte	0x2
 291 0074 18       		.byte	0x18
 292 0075 24000000 		.4byte	0x24
 293 0079 05       		.uleb128 0x5
 294 007a 90000000 		.4byte	0x90
 295 007e 89000000 		.4byte	0x89
 296 0082 06       		.uleb128 0x6
 297 0083 89000000 		.4byte	0x89
 298 0087 9B       		.byte	0x9b
 299 0088 00       		.byte	0
 300 0089 02       		.uleb128 0x2
 301 008a 04       		.byte	0x4
 302 008b 07       		.byte	0x7
 303 008c 9A010000 		.4byte	.LASF11
 304 0090 07       		.uleb128 0x7
 305 0091 6E000000 		.4byte	0x6e
 306 0095 08       		.uleb128 0x8
 307 0096 39010000 		.4byte	.LASF12
 308 009a 03       		.byte	0x3
 309 009b 1F       		.byte	0x1f
 310 009c A6000000 		.4byte	0xa6
 311 00a0 05       		.uleb128 0x5
 312 00a1 03       		.byte	0x3
 313 00a2 00000000 		.4byte	cy_meta_configecc
 314 00a6 07       		.uleb128 0x7
 315 00a7 79000000 		.4byte	0x79
 316 00ab 05       		.uleb128 0x5
 317 00ac 90000000 		.4byte	0x90
 318 00b0 BB000000 		.4byte	0xbb
 319 00b4 06       		.uleb128 0x6
 320 00b5 89000000 		.4byte	0x89
 321 00b9 03       		.byte	0x3
 322 00ba 00       		.byte	0
 323 00bb 08       		.uleb128 0x8
 324 00bc 29010000 		.4byte	.LASF13
 325 00c0 03       		.byte	0x3
 326 00c1 40       		.byte	0x40
 327 00c2 CC000000 		.4byte	0xcc
 328 00c6 05       		.uleb128 0x5
 329 00c7 03       		.byte	0x3
 330 00c8 00000000 		.4byte	cy_meta_custnvl
 331 00cc 07       		.uleb128 0x7
 332 00cd AB000000 		.4byte	0xab
 333 00d1 08       		.uleb128 0x8
 334 00d2 8C010000 		.4byte	.LASF14
 335 00d6 03       		.byte	0x3
 336 00d7 4E       		.byte	0x4e
 337 00d8 E2000000 		.4byte	0xe2
 338 00dc 05       		.uleb128 0x5
ARM GAS  C:\Users\TOSHIBA\AppData\Local\Temp\ccrZORgu.s 			page 7


 339 00dd 03       		.byte	0x3
 340 00de 00000000 		.4byte	cy_meta_wonvl
 341 00e2 07       		.uleb128 0x7
 342 00e3 AB000000 		.4byte	0xab
 343 00e7 05       		.uleb128 0x5
 344 00e8 90000000 		.4byte	0x90
 345 00ec F7000000 		.4byte	0xf7
 346 00f0 06       		.uleb128 0x6
 347 00f1 89000000 		.4byte	0x89
 348 00f5 FF       		.byte	0xff
 349 00f6 00       		.byte	0
 350 00f7 08       		.uleb128 0x8
 351 00f8 77010000 		.4byte	.LASF15
 352 00fc 03       		.byte	0x3
 353 00fd 5C       		.byte	0x5c
 354 00fe 08010000 		.4byte	0x108
 355 0102 05       		.uleb128 0x5
 356 0103 03       		.byte	0x3
 357 0104 00000000 		.4byte	cy_meta_flashprotect
 358 0108 07       		.uleb128 0x7
 359 0109 E7000000 		.4byte	0xe7
 360 010d 05       		.uleb128 0x5
 361 010e 90000000 		.4byte	0x90
 362 0112 1D010000 		.4byte	0x11d
 363 0116 06       		.uleb128 0x6
 364 0117 89000000 		.4byte	0x89
 365 011b 0B       		.byte	0xb
 366 011c 00       		.byte	0
 367 011d 08       		.uleb128 0x8
 368 011e EA000000 		.4byte	.LASF16
 369 0122 03       		.byte	0x3
 370 0123 89       		.byte	0x89
 371 0124 2E010000 		.4byte	0x12e
 372 0128 05       		.uleb128 0x5
 373 0129 03       		.byte	0x3
 374 012a 00000000 		.4byte	cy_metadata
 375 012e 07       		.uleb128 0x7
 376 012f 0D010000 		.4byte	0x10d
 377 0133 00       		.byte	0
 378              		.section	.debug_abbrev,"",%progbits
 379              	.Ldebug_abbrev0:
 380 0000 01       		.uleb128 0x1
 381 0001 11       		.uleb128 0x11
 382 0002 01       		.byte	0x1
 383 0003 25       		.uleb128 0x25
 384 0004 0E       		.uleb128 0xe
 385 0005 13       		.uleb128 0x13
 386 0006 0B       		.uleb128 0xb
 387 0007 03       		.uleb128 0x3
 388 0008 0E       		.uleb128 0xe
 389 0009 1B       		.uleb128 0x1b
 390 000a 0E       		.uleb128 0xe
 391 000b 10       		.uleb128 0x10
 392 000c 17       		.uleb128 0x17
 393 000d 00       		.byte	0
 394 000e 00       		.byte	0
 395 000f 02       		.uleb128 0x2
ARM GAS  C:\Users\TOSHIBA\AppData\Local\Temp\ccrZORgu.s 			page 8


 396 0010 24       		.uleb128 0x24
 397 0011 00       		.byte	0
 398 0012 0B       		.uleb128 0xb
 399 0013 0B       		.uleb128 0xb
 400 0014 3E       		.uleb128 0x3e
 401 0015 0B       		.uleb128 0xb
 402 0016 03       		.uleb128 0x3
 403 0017 0E       		.uleb128 0xe
 404 0018 00       		.byte	0
 405 0019 00       		.byte	0
 406 001a 03       		.uleb128 0x3
 407 001b 16       		.uleb128 0x16
 408 001c 00       		.byte	0
 409 001d 03       		.uleb128 0x3
 410 001e 0E       		.uleb128 0xe
 411 001f 3A       		.uleb128 0x3a
 412 0020 0B       		.uleb128 0xb
 413 0021 3B       		.uleb128 0x3b
 414 0022 0B       		.uleb128 0xb
 415 0023 49       		.uleb128 0x49
 416 0024 13       		.uleb128 0x13
 417 0025 00       		.byte	0
 418 0026 00       		.byte	0
 419 0027 04       		.uleb128 0x4
 420 0028 24       		.uleb128 0x24
 421 0029 00       		.byte	0
 422 002a 0B       		.uleb128 0xb
 423 002b 0B       		.uleb128 0xb
 424 002c 3E       		.uleb128 0x3e
 425 002d 0B       		.uleb128 0xb
 426 002e 03       		.uleb128 0x3
 427 002f 08       		.uleb128 0x8
 428 0030 00       		.byte	0
 429 0031 00       		.byte	0
 430 0032 05       		.uleb128 0x5
 431 0033 01       		.uleb128 0x1
 432 0034 01       		.byte	0x1
 433 0035 49       		.uleb128 0x49
 434 0036 13       		.uleb128 0x13
 435 0037 01       		.uleb128 0x1
 436 0038 13       		.uleb128 0x13
 437 0039 00       		.byte	0
 438 003a 00       		.byte	0
 439 003b 06       		.uleb128 0x6
 440 003c 21       		.uleb128 0x21
 441 003d 00       		.byte	0
 442 003e 49       		.uleb128 0x49
 443 003f 13       		.uleb128 0x13
 444 0040 2F       		.uleb128 0x2f
 445 0041 0B       		.uleb128 0xb
 446 0042 00       		.byte	0
 447 0043 00       		.byte	0
 448 0044 07       		.uleb128 0x7
 449 0045 26       		.uleb128 0x26
 450 0046 00       		.byte	0
 451 0047 49       		.uleb128 0x49
 452 0048 13       		.uleb128 0x13
ARM GAS  C:\Users\TOSHIBA\AppData\Local\Temp\ccrZORgu.s 			page 9


 453 0049 00       		.byte	0
 454 004a 00       		.byte	0
 455 004b 08       		.uleb128 0x8
 456 004c 34       		.uleb128 0x34
 457 004d 00       		.byte	0
 458 004e 03       		.uleb128 0x3
 459 004f 0E       		.uleb128 0xe
 460 0050 3A       		.uleb128 0x3a
 461 0051 0B       		.uleb128 0xb
 462 0052 3B       		.uleb128 0x3b
 463 0053 0B       		.uleb128 0xb
 464 0054 49       		.uleb128 0x49
 465 0055 13       		.uleb128 0x13
 466 0056 3F       		.uleb128 0x3f
 467 0057 19       		.uleb128 0x19
 468 0058 02       		.uleb128 0x2
 469 0059 18       		.uleb128 0x18
 470 005a 00       		.byte	0
 471 005b 00       		.byte	0
 472 005c 00       		.byte	0
 473              		.section	.debug_aranges,"",%progbits
 474 0000 14000000 		.4byte	0x14
 475 0004 0200     		.2byte	0x2
 476 0006 00000000 		.4byte	.Ldebug_info0
 477 000a 04       		.byte	0x4
 478 000b 00       		.byte	0
 479 000c 0000     		.2byte	0
 480 000e 0000     		.2byte	0
 481 0010 00000000 		.4byte	0
 482 0014 00000000 		.4byte	0
 483              		.section	.debug_line,"",%progbits
 484              	.Ldebug_line0:
 485 0000 3D010000 		.section	.debug_str,"MS",%progbits,1
 485      02003701 
 485      00000201 
 485      FB0E0D00 
 485      01010101 
 486              	.LASF9:
 487 0000 5F5F7569 		.ascii	"__uint8_t\000"
 487      6E74385F 
 487      7400
 488              	.LASF17:
 489 000a 474E5520 		.ascii	"GNU C11 5.4.1 20160609 (release) [ARM/embedded-5-br"
 489      43313120 
 489      352E342E 
 489      31203230 
 489      31363036 
 490 003d 616E6368 		.ascii	"anch revision 237715] -mcpu=cortex-m3 -mthumb -g -O"
 490      20726576 
 490      6973696F 
 490      6E203233 
 490      37373135 
 491 0070 30202D66 		.ascii	"0 -ffunction-sections -ffat-lto-objects\000"
 491      66756E63 
 491      74696F6E 
 491      2D736563 
 491      74696F6E 
ARM GAS  C:\Users\TOSHIBA\AppData\Local\Temp\ccrZORgu.s 			page 10


 492              	.LASF19:
 493 0098 433A5C55 		.ascii	"C:\\Users\\TOSHIBA\\Documents\\PSoC Creator\\Primer"
 493      73657273 
 493      5C544F53 
 493      48494241 
 493      5C446F63 
 494 00c6 4176616E 		.ascii	"Avance\\StaticSegLCD_Example01.cydsn\000"
 494      63655C53 
 494      74617469 
 494      63536567 
 494      4C43445F 
 495              	.LASF16:
 496 00ea 63795F6D 		.ascii	"cy_metadata\000"
 496      65746164 
 496      61746100 
 497              	.LASF1:
 498 00f6 756E7369 		.ascii	"unsigned char\000"
 498      676E6564 
 498      20636861 
 498      7200
 499              	.LASF5:
 500 0104 6C6F6E67 		.ascii	"long unsigned int\000"
 500      20756E73 
 500      69676E65 
 500      6420696E 
 500      7400
 501              	.LASF3:
 502 0116 73686F72 		.ascii	"short unsigned int\000"
 502      7420756E 
 502      7369676E 
 502      65642069 
 502      6E7400
 503              	.LASF13:
 504 0129 63795F6D 		.ascii	"cy_meta_custnvl\000"
 504      6574615F 
 504      63757374 
 504      6E766C00 
 505              	.LASF12:
 506 0139 63795F6D 		.ascii	"cy_meta_configecc\000"
 506      6574615F 
 506      636F6E66 
 506      69676563 
 506      6300
 507              	.LASF8:
 508 014b 756E7369 		.ascii	"unsigned int\000"
 508      676E6564 
 508      20696E74 
 508      00
 509              	.LASF7:
 510 0158 6C6F6E67 		.ascii	"long long unsigned int\000"
 510      206C6F6E 
 510      6720756E 
 510      7369676E 
 510      65642069 
 511              	.LASF10:
 512 016f 75696E74 		.ascii	"uint8_t\000"
 512      385F7400 
ARM GAS  C:\Users\TOSHIBA\AppData\Local\Temp\ccrZORgu.s 			page 11


 513              	.LASF15:
 514 0177 63795F6D 		.ascii	"cy_meta_flashprotect\000"
 514      6574615F 
 514      666C6173 
 514      6870726F 
 514      74656374 
 515              	.LASF14:
 516 018c 63795F6D 		.ascii	"cy_meta_wonvl\000"
 516      6574615F 
 516      776F6E76 
 516      6C00
 517              	.LASF11:
 518 019a 73697A65 		.ascii	"sizetype\000"
 518      74797065 
 518      00
 519              	.LASF6:
 520 01a3 6C6F6E67 		.ascii	"long long int\000"
 520      206C6F6E 
 520      6720696E 
 520      7400
 521              	.LASF2:
 522 01b1 73686F72 		.ascii	"short int\000"
 522      7420696E 
 522      7400
 523              	.LASF4:
 524 01bb 6C6F6E67 		.ascii	"long int\000"
 524      20696E74 
 524      00
 525              	.LASF0:
 526 01c4 7369676E 		.ascii	"signed char\000"
 526      65642063 
 526      68617200 
 527              	.LASF18:
 528 01d0 47656E65 		.ascii	"Generated_Source\\PSoC5\\cymetadata.c\000"
 528      72617465 
 528      645F536F 
 528      75726365 
 528      5C50536F 
 529              		.ident	"GCC: (GNU Tools for ARM Embedded Processors) 5.4.1 20160609 (release) [ARM/embedded-5-bran
